This file contains any messages produced by compilers while
running configure, to aid debugging if configure makes a mistake.

It was created by ctemplate configure 2.3, which was
generated by GNU Autoconf 2.69.  Invocation command line was

  $ ./configure 

## --------- ##
## Platform. ##
## --------- ##

hostname = iZbp1bc61f5ensshm2owkuZ
uname -m = x86_64
uname -r = 5.14.0-570.el9.x86_64
uname -s = Linux
uname -v = #1 SMP PREEMPT_DYNAMIC Mon Feb 17 19:45:23 UTC 2025

/usr/bin/uname -p = x86_64
/bin/uname -X     = unknown

/bin/arch              = x86_64
/usr/bin/arch -k       = unknown
/usr/convex/getsysinfo = unknown
/usr/bin/hostinfo      = unknown
/bin/machine           = unknown
/usr/bin/oslevel       = unknown
/bin/universe          = unknown

PATH: /home/xyt/.vscode-server/cli/servers/Stable-ddc367ed5c8936efe395cffeec279b04ffd7db78/server/bin/remote-cli
PATH: /home/xyt/.local/bin
PATH: /home/xyt/bin
PATH: /usr/local/bin
PATH: /usr/bin
PATH: /usr/local/sbin
PATH: /usr/sbin


## ----------- ##
## Core tests. ##
## ----------- ##

configure:2388: checking whether make supports nested variables
configure:2405: result: yes
configure:2458: checking build system type
configure:2472: result: x86_64-pc-linux-gnu
configure:2492: checking host system type
configure:2505: result: x86_64-pc-linux-gnu
configure:2541: checking for a BSD-compatible install
configure:2609: result: /usr/bin/install -c
configure:2620: checking whether build environment is sane
configure:2675: result: yes
configure:2826: checking for a thread-safe mkdir -p
configure:2865: result: /usr/bin/mkdir -p
configure:2872: checking for gawk
configure:2888: found /usr/bin/gawk
configure:2899: result: gawk
configure:2910: checking whether make sets $(MAKE)
configure:2932: result: yes
configure:3127: checking for g++
configure:3143: found /usr/bin/g++
configure:3154: result: g++
configure:3181: checking for C++ compiler version
configure:3190: g++ --version >&5
g++ (GCC) 11.5.0 20240719 (Red Hat 11.5.0-5)
Copyright (C) 2021 Free Software Foundation, Inc.
This is free software; see the source for copying conditions.  There is NO
warranty; not even for MERCHANTABILITY or FITNESS FOR A PARTICULAR PURPOSE.

configure:3201: $? = 0
configure:3190: g++ -v >&5
Using built-in specs.
COLLECT_GCC=g++
COLLECT_LTO_WRAPPER=/usr/libexec/gcc/x86_64-redhat-linux/11/lto-wrapper
OFFLOAD_TARGET_NAMES=nvptx-none
OFFLOAD_TARGET_DEFAULT=1
Target: x86_64-redhat-linux
Configured with: ../configure --enable-bootstrap --enable-host-pie --enable-host-bind-now --enable-languages=c,c++,fortran,lto --prefix=/usr --mandir=/usr/share/man --infodir=/usr/share/info --with-bugurl=http://bugzilla.redhat.com/bugzilla --enable-shared --enable-threads=posix --enable-checking=release --with-system-zlib --enable-__cxa_atexit --disable-libunwind-exceptions --enable-gnu-unique-object --enable-linker-build-id --with-gcc-major-version-only --enable-plugin --enable-initfini-array --without-isl --enable-multilib --with-linker-hash-style=gnu --enable-offload-targets=nvptx-none --without-cuda-driver --enable-gnu-indirect-function --enable-cet --with-tune=generic --with-arch_64=x86-64-v2 --with-arch_32=x86-64 --build=x86_64-redhat-linux --with-build-config=bootstrap-lto --enable-link-serialization=1
Thread model: posix
Supported LTO compression algorithms: zlib zstd
gcc version 11.5.0 20240719 (Red Hat 11.5.0-5) (GCC) 
... rest of stderr output deleted ...
configure:3201: $? = 0
configure:3190: g++ -V >&5
g++: error: unrecognized command-line option '-V'
g++: fatal error: no input files
compilation terminated.
configure:3201: $? = 1
configure:3190: g++ -qversion >&5
g++: error: unrecognized command-line option '-qversion'; did you mean '--version'?
g++: fatal error: no input files
compilation terminated.
configure:3201: $? = 1
configure:3221: checking whether the C++ compiler works
configure:3243: g++    conftest.cpp  >&5
configure:3247: $? = 0
configure:3295: result: yes
configure:3298: checking for C++ compiler default output file name
configure:3300: result: a.out
configure:3306: checking for suffix of executables
configure:3313: g++ -o conftest    conftest.cpp  >&5
configure:3317: $? = 0
configure:3339: result: 
configure:3361: checking whether we are cross compiling
configure:3369: g++ -o conftest    conftest.cpp  >&5
configure:3373: $? = 0
configure:3380: ./conftest
configure:3384: $? = 0
configure:3399: result: no
configure:3404: checking for suffix of object files
configure:3426: g++ -c   conftest.cpp >&5
configure:3430: $? = 0
configure:3451: result: o
configure:3455: checking whether we are using the GNU C++ compiler
configure:3474: g++ -c   conftest.cpp >&5
configure:3474: $? = 0
configure:3483: result: yes
configure:3492: checking whether g++ accepts -g
configure:3512: g++ -c -g  conftest.cpp >&5
configure:3512: $? = 0
configure:3553: result: yes
configure:3579: checking whether make supports the include directive
configure:3594: make -f confmf.GNU && cat confinc.out
this is the am__doit target
configure:3597: $? = 0
configure:3616: result: yes (GNU style)
configure:3641: checking dependency style of g++
configure:3752: result: gcc3
configure:3815: checking for gcc
configure:3831: found /usr/bin/gcc
configure:3842: result: gcc
configure:4071: checking for C compiler version
configure:4080: gcc --version >&5
gcc (GCC) 11.5.0 20240719 (Red Hat 11.5.0-5)
Copyright (C) 2021 Free Software Foundation, Inc.
This is free software; see the source for copying conditions.  There is NO
warranty; not even for MERCHANTABILITY or FITNESS FOR A PARTICULAR PURPOSE.

configure:4091: $? = 0
configure:4080: gcc -v >&5
Using built-in specs.
COLLECT_GCC=gcc
COLLECT_LTO_WRAPPER=/usr/libexec/gcc/x86_64-redhat-linux/11/lto-wrapper
OFFLOAD_TARGET_NAMES=nvptx-none
OFFLOAD_TARGET_DEFAULT=1
Target: x86_64-redhat-linux
Configured with: ../configure --enable-bootstrap --enable-host-pie --enable-host-bind-now --enable-languages=c,c++,fortran,lto --prefix=/usr --mandir=/usr/share/man --infodir=/usr/share/info --with-bugurl=http://bugzilla.redhat.com/bugzilla --enable-shared --enable-threads=posix --enable-checking=release --with-system-zlib --enable-__cxa_atexit --disable-libunwind-exceptions --enable-gnu-unique-object --enable-linker-build-id --with-gcc-major-version-only --enable-plugin --enable-initfini-array --without-isl --enable-multilib --with-linker-hash-style=gnu --enable-offload-targets=nvptx-none --without-cuda-driver --enable-gnu-indirect-function --enable-cet --with-tune=generic --with-arch_64=x86-64-v2 --with-arch_32=x86-64 --build=x86_64-redhat-linux --with-build-config=bootstrap-lto --enable-link-serialization=1
Thread model: posix
Supported LTO compression algorithms: zlib zstd
gcc version 11.5.0 20240719 (Red Hat 11.5.0-5) (GCC) 
... rest of stderr output deleted ...
configure:4091: $? = 0
configure:4080: gcc -V >&5
gcc: error: unrecognized command-line option '-V'
gcc: fatal error: no input files
compilation terminated.
configure:4091: $? = 1
configure:4080: gcc -qversion >&5
gcc: error: unrecognized command-line option '-qversion'; did you mean '--version'?
gcc: fatal error: no input files
compilation terminated.
configure:4091: $? = 1
configure:4095: checking whether we are using the GNU C compiler
configure:4114: gcc -c   conftest.c >&5
configure:4114: $? = 0
configure:4123: result: yes
configure:4132: checking whether gcc accepts -g
configure:4152: gcc -c -g  conftest.c >&5
configure:4152: $? = 0
configure:4193: result: yes
configure:4210: checking for gcc option to accept ISO C89
configure:4273: gcc  -c -g -O2  conftest.c >&5
configure:4273: $? = 0
configure:4286: result: none needed
configure:4311: checking whether gcc understands -c and -o together
configure:4333: gcc -c conftest.c -o conftest2.o
configure:4336: $? = 0
configure:4333: gcc -c conftest.c -o conftest2.o
configure:4336: $? = 0
configure:4348: result: yes
configure:4367: checking dependency style of gcc
configure:4478: result: gcc3
configure:4543: checking for ar
configure:4559: found /usr/bin/ar
configure:4570: result: ar
configure:4596: checking the archiver (ar) interface
configure:4612: gcc -c -g -O2  conftest.c >&5
configure:4612: $? = 0
configure:4614: ar cru libconftest.a conftest.o >&5
configure:4617: $? = 0
configure:4645: result: ar
configure:4734: checking how to print strings
configure:4761: result: printf
configure:4782: checking for a sed that does not truncate output
configure:4846: result: /usr/bin/sed
configure:4864: checking for grep that handles long lines and -e
configure:4922: result: /usr/bin/grep
configure:4927: checking for egrep
configure:4989: result: /usr/bin/grep -E
configure:4994: checking for fgrep
configure:5056: result: /usr/bin/grep -F
configure:5091: checking for ld used by gcc
configure:5158: result: /usr/bin/ld
configure:5165: checking if the linker (/usr/bin/ld) is GNU ld
configure:5180: result: yes
configure:5192: checking for BSD- or MS-compatible name lister (nm)
configure:5246: result: /usr/bin/nm -B
configure:5376: checking the name lister (/usr/bin/nm -B) interface
configure:5383: gcc -c -g -O2  conftest.c >&5
configure:5386: /usr/bin/nm -B "conftest.o"
configure:5389: output
0000000000000000 B some_variable
configure:5396: result: BSD nm
configure:5399: checking whether ln -s works
configure:5403: result: yes
configure:5411: checking the maximum length of command line arguments
configure:5542: result: 1572864
configure:5590: checking how to convert x86_64-pc-linux-gnu file names to x86_64-pc-linux-gnu format
configure:5630: result: func_convert_file_noop
configure:5637: checking how to convert x86_64-pc-linux-gnu file names to toolchain format
configure:5657: result: func_convert_file_noop
configure:5664: checking for /usr/bin/ld option to reload object files
configure:5671: result: -r
configure:5745: checking for objdump
configure:5761: found /usr/bin/objdump
configure:5772: result: objdump
configure:5804: checking how to recognize dependent libraries
configure:6004: result: pass_all
configure:6089: checking for dlltool
configure:6119: result: no
configure:6149: checking how to associate runtime and link libraries
configure:6176: result: printf %s\n
configure:6300: checking for archiver @FILE support
configure:6317: gcc -c -g -O2  conftest.c >&5
configure:6317: $? = 0
configure:6320: ar cru libconftest.a @conftest.lst >&5
configure:6323: $? = 0
configure:6328: ar cru libconftest.a @conftest.lst >&5
ar: conftest.o: No such file or directory
configure:6331: $? = 1
configure:6343: result: @
configure:6401: checking for strip
configure:6417: found /usr/bin/strip
configure:6428: result: strip
configure:6500: checking for ranlib
configure:6516: found /usr/bin/ranlib
configure:6527: result: ranlib
configure:6629: checking command to parse /usr/bin/nm -B output from gcc object
configure:6782: gcc -c -g -O2  conftest.c >&5
configure:6785: $? = 0
configure:6789: /usr/bin/nm -B conftest.o \| sed -n -e 's/^.*[ ]\([ABCDGIRSTW][ABCDGIRSTW]*\)[ ][ ]*\([_A-Za-z][_A-Za-z0-9]*\)$/\1 \2 \2/p' | sed '/ __gnu_lto/d' \> conftest.nm
configure:6792: $? = 0
configure:6858: gcc -o conftest -g -O2   conftest.c conftstm.o >&5
configure:6861: $? = 0
configure:6899: result: ok
configure:6946: checking for sysroot
configure:6976: result: no
configure:6983: checking for a working dd
configure:7021: result: /usr/bin/dd
configure:7025: checking how to truncate binary pipes
configure:7040: result: /usr/bin/dd bs=4096 count=1
configure:7176: gcc -c -g -O2  conftest.c >&5
configure:7179: $? = 0
configure:7369: checking for mt
configure:7399: result: no
configure:7419: checking if : is a manifest tool
configure:7425: : '-?'
configure:7433: result: no
configure:8110: checking how to run the C preprocessor
configure:8141: gcc -E  conftest.c
configure:8141: $? = 0
configure:8155: gcc -E  conftest.c
conftest.c:11:10: fatal error: ac_nonexistent.h: No such file or directory
   11 | #include <ac_nonexistent.h>
      |          ^~~~~~~~~~~~~~~~~~
compilation terminated.
configure:8155: $? = 1
configure: failed program was:
| /* confdefs.h */
| #define PACKAGE_NAME "ctemplate"
| #define PACKAGE_TARNAME "ctemplate"
| #define PACKAGE_VERSION "2.3"
| #define PACKAGE_STRING "ctemplate 2.3"
| #define PACKAGE_BUGREPORT "google-ctemplate@googlegroups.com"
| #define PACKAGE_URL ""
| #define PACKAGE "ctemplate"
| #define VERSION "2.3"
| /* end confdefs.h.  */
| #include <ac_nonexistent.h>
configure:8180: result: gcc -E
configure:8200: gcc -E  conftest.c
configure:8200: $? = 0
configure:8214: gcc -E  conftest.c
conftest.c:11:10: fatal error: ac_nonexistent.h: No such file or directory
   11 | #include <ac_nonexistent.h>
      |          ^~~~~~~~~~~~~~~~~~
compilation terminated.
configure:8214: $? = 1
configure: failed program was:
| /* confdefs.h */
| #define PACKAGE_NAME "ctemplate"
| #define PACKAGE_TARNAME "ctemplate"
| #define PACKAGE_VERSION "2.3"
| #define PACKAGE_STRING "ctemplate 2.3"
| #define PACKAGE_BUGREPORT "google-ctemplate@googlegroups.com"
| #define PACKAGE_URL ""
| #define PACKAGE "ctemplate"
| #define VERSION "2.3"
| /* end confdefs.h.  */
| #include <ac_nonexistent.h>
configure:8243: checking for ANSI C header files
configure:8263: gcc -c -g -O2  conftest.c >&5
configure:8263: $? = 0
configure:8336: gcc -o conftest -g -O2   conftest.c  >&5
configure:8336: $? = 0
configure:8336: ./conftest
configure:8336: $? = 0
configure:8347: result: yes
configure:8360: checking for sys/types.h
configure:8360: gcc -c -g -O2  conftest.c >&5
configure:8360: $? = 0
configure:8360: result: yes
configure:8360: checking for sys/stat.h
configure:8360: gcc -c -g -O2  conftest.c >&5
configure:8360: $? = 0
configure:8360: result: yes
configure:8360: checking for stdlib.h
configure:8360: gcc -c -g -O2  conftest.c >&5
configure:8360: $? = 0
configure:8360: result: yes
configure:8360: checking for string.h
configure:8360: gcc -c -g -O2  conftest.c >&5
configure:8360: $? = 0
configure:8360: result: yes
configure:8360: checking for memory.h
configure:8360: gcc -c -g -O2  conftest.c >&5
configure:8360: $? = 0
configure:8360: result: yes
configure:8360: checking for strings.h
configure:8360: gcc -c -g -O2  conftest.c >&5
configure:8360: $? = 0
configure:8360: result: yes
configure:8360: checking for inttypes.h
configure:8360: gcc -c -g -O2  conftest.c >&5
configure:8360: $? = 0
configure:8360: result: yes
configure:8360: checking for stdint.h
configure:8360: gcc -c -g -O2  conftest.c >&5
configure:8360: $? = 0
configure:8360: result: yes
configure:8360: checking for unistd.h
configure:8360: gcc -c -g -O2  conftest.c >&5
configure:8360: $? = 0
configure:8360: result: yes
configure:8374: checking for dlfcn.h
configure:8374: gcc -c -g -O2  conftest.c >&5
configure:8374: $? = 0
configure:8374: result: yes
configure:8640: checking for objdir
configure:8655: result: .libs
configure:8919: checking if gcc supports -fno-rtti -fno-exceptions
configure:8937: gcc -c -g -O2  -fno-rtti -fno-exceptions conftest.c >&5
cc1: warning: command-line option '-fno-rtti' is valid for C++/D/ObjC++ but not for C
configure:8941: $? = 0
configure:8954: result: no
configure:9312: checking for gcc option to produce PIC
configure:9319: result: -fPIC -DPIC
configure:9327: checking if gcc PIC flag -fPIC -DPIC works
configure:9345: gcc -c -g -O2  -fPIC -DPIC -DPIC conftest.c >&5
configure:9349: $? = 0
configure:9362: result: yes
configure:9391: checking if gcc static flag -static works
configure:9419: result: no
configure:9434: checking if gcc supports -c -o file.o
configure:9455: gcc -c -g -O2  -o out/conftest2.o conftest.c >&5
configure:9459: $? = 0
configure:9481: result: yes
configure:9489: checking if gcc supports -c -o file.o
configure:9536: result: yes
configure:9569: checking whether the gcc linker (/usr/bin/ld -m elf_x86_64) supports shared libraries
configure:10828: result: yes
configure:10865: checking whether -lc should be explicitly linked in
configure:10873: gcc -c -g -O2  conftest.c >&5
configure:10876: $? = 0
configure:10891: gcc -shared  -fPIC -DPIC conftest.o  -v -Wl,-soname -Wl,conftest -o conftest 2\>\&1 \| /usr/bin/grep  -lc  \>/dev/null 2\>\&1
configure:10894: $? = 0
configure:10908: result: no
configure:11068: checking dynamic linker characteristics
configure:11649: gcc -o conftest -g -O2   -Wl,-rpath -Wl,/foo conftest.c  >&5
configure:11649: $? = 0
configure:11889: result: GNU/Linux ld.so
configure:12011: checking how to hardcode library paths into programs
configure:12036: result: immediate
configure:12584: checking whether stripping libraries is possible
configure:12589: result: yes
configure:12624: checking if libtool supports shared libraries
configure:12626: result: yes
configure:12629: checking whether to build shared libraries
configure:12654: result: yes
configure:12657: checking whether to build static libraries
configure:12661: result: yes
configure:12684: checking how to run the C++ preprocessor
configure:12711: g++ -E  conftest.cpp
configure:12711: $? = 0
configure:12725: g++ -E  conftest.cpp
conftest.cpp:23:10: fatal error: ac_nonexistent.h: No such file or directory
   23 | #include <ac_nonexistent.h>
      |          ^~~~~~~~~~~~~~~~~~
compilation terminated.
configure:12725: $? = 1
configure: failed program was:
| /* confdefs.h */
| #define PACKAGE_NAME "ctemplate"
| #define PACKAGE_TARNAME "ctemplate"
| #define PACKAGE_VERSION "2.3"
| #define PACKAGE_STRING "ctemplate 2.3"
| #define PACKAGE_BUGREPORT "google-ctemplate@googlegroups.com"
| #define PACKAGE_URL ""
| #define PACKAGE "ctemplate"
| #define VERSION "2.3"
| #define STDC_HEADERS 1
| #define HAVE_SYS_TYPES_H 1
| #define HAVE_SYS_STAT_H 1
| #define HAVE_STDLIB_H 1
| #define HAVE_STRING_H 1
| #define HAVE_MEMORY_H 1
| #define HAVE_STRINGS_H 1
| #define HAVE_INTTYPES_H 1
| #define HAVE_STDINT_H 1
| #define HAVE_UNISTD_H 1
| #define HAVE_DLFCN_H 1
| #define LT_OBJDIR ".libs/"
| /* end confdefs.h.  */
| #include <ac_nonexistent.h>
configure:12750: result: g++ -E
configure:12770: g++ -E  conftest.cpp
configure:12770: $? = 0
configure:12784: g++ -E  conftest.cpp
conftest.cpp:23:10: fatal error: ac_nonexistent.h: No such file or directory
   23 | #include <ac_nonexistent.h>
      |          ^~~~~~~~~~~~~~~~~~
compilation terminated.
configure:12784: $? = 1
configure: failed program was:
| /* confdefs.h */
| #define PACKAGE_NAME "ctemplate"
| #define PACKAGE_TARNAME "ctemplate"
| #define PACKAGE_VERSION "2.3"
| #define PACKAGE_STRING "ctemplate 2.3"
| #define PACKAGE_BUGREPORT "google-ctemplate@googlegroups.com"
| #define PACKAGE_URL ""
| #define PACKAGE "ctemplate"
| #define VERSION "2.3"
| #define STDC_HEADERS 1
| #define HAVE_SYS_TYPES_H 1
| #define HAVE_SYS_STAT_H 1
| #define HAVE_STDLIB_H 1
| #define HAVE_STRING_H 1
| #define HAVE_MEMORY_H 1
| #define HAVE_STRINGS_H 1
| #define HAVE_INTTYPES_H 1
| #define HAVE_STDINT_H 1
| #define HAVE_UNISTD_H 1
| #define HAVE_DLFCN_H 1
| #define LT_OBJDIR ".libs/"
| /* end confdefs.h.  */
| #include <ac_nonexistent.h>
configure:12946: checking for ld used by g++
configure:13013: result: /usr/bin/ld -m elf_x86_64
configure:13020: checking if the linker (/usr/bin/ld -m elf_x86_64) is GNU ld
configure:13035: result: yes
configure:13090: checking whether the g++ linker (/usr/bin/ld -m elf_x86_64) supports shared libraries
configure:14163: result: yes
configure:14199: g++ -c -g -O2  conftest.cpp >&5
configure:14202: $? = 0
configure:14683: checking for g++ option to produce PIC
configure:14690: result: -fPIC -DPIC
configure:14698: checking if g++ PIC flag -fPIC -DPIC works
configure:14716: g++ -c -g -O2  -fPIC -DPIC -DPIC conftest.cpp >&5
configure:14720: $? = 0
configure:14733: result: yes
configure:14756: checking if g++ static flag -static works
configure:14784: result: no
configure:14796: checking if g++ supports -c -o file.o
configure:14817: g++ -c -g -O2  -o out/conftest2.o conftest.cpp >&5
configure:14821: $? = 0
configure:14843: result: yes
configure:14848: checking if g++ supports -c -o file.o
configure:14895: result: yes
configure:14925: checking whether the g++ linker (/usr/bin/ld -m elf_x86_64) supports shared libraries
configure:14965: result: yes
configure:15106: checking dynamic linker characteristics
configure:15854: result: GNU/Linux ld.so
configure:15919: checking how to hardcode library paths into programs
configure:15944: result: immediate
configure:16009: checking for __attribute__
configure:16028: gcc -c -g -O2  conftest.c >&5
configure:16028: $? = 0
configure:16042: result: yes
configure:16047: checking printf format code for printing a size_t and ssize_t
configure:16063: gcc -c -g -O2  conftest.c >&5
conftest.c: In function 'main':
conftest.c:28:49: error: invalid operands to binary - (have 'unsigned int *' and 'size_t *' {aka 'long unsigned int *'})
   28 | unsigned int v1 = 0; size_t v2 = 0; return (&v1 - &v2)
      |                                             ~~~ ^ ~~~
      |                                             |     |
      |                                             |     size_t * {aka long unsigned int *}
      |                                             unsigned int *
configure:16063: $? = 1
configure: failed program was:
| /* confdefs.h */
| #define PACKAGE_NAME "ctemplate"
| #define PACKAGE_TARNAME "ctemplate"
| #define PACKAGE_VERSION "2.3"
| #define PACKAGE_STRING "ctemplate 2.3"
| #define PACKAGE_BUGREPORT "google-ctemplate@googlegroups.com"
| #define PACKAGE_URL ""
| #define PACKAGE "ctemplate"
| #define VERSION "2.3"
| #define STDC_HEADERS 1
| #define HAVE_SYS_TYPES_H 1
| #define HAVE_SYS_STAT_H 1
| #define HAVE_STDLIB_H 1
| #define HAVE_STRING_H 1
| #define HAVE_MEMORY_H 1
| #define HAVE_STRINGS_H 1
| #define HAVE_INTTYPES_H 1
| #define HAVE_STDINT_H 1
| #define HAVE_UNISTD_H 1
| #define HAVE_DLFCN_H 1
| #define LT_OBJDIR ".libs/"
| #define HAVE___ATTRIBUTE__ 1
| /* end confdefs.h.  */
| #include <stddef.h>
| int
| main ()
| {
| unsigned int v1 = 0; size_t v2 = 0; return (&v1 - &v2)
|   ;
|   return 0;
| }
configure:16078: gcc -c -g -O2  conftest.c >&5
configure:16078: $? = 0
configure:16093: gcc -c -g -O2  conftest.c >&5
conftest.c: In function 'main':
conftest.c:28:55: error: invalid operands to binary - (have 'long long unsigned int *' and 'size_t *' {aka 'long unsigned int *'})
   28 | unsigned long long v1 = 0; size_t v2 = 0; return (&v1 - &v2)
      |                                                   ~~~ ^ ~~~
      |                                                   |     |
      |                                                   |     size_t * {aka long unsigned int *}
      |                                                   long long unsigned int *
configure:16093: $? = 1
configure: failed program was:
| /* confdefs.h */
| #define PACKAGE_NAME "ctemplate"
| #define PACKAGE_TARNAME "ctemplate"
| #define PACKAGE_VERSION "2.3"
| #define PACKAGE_STRING "ctemplate 2.3"
| #define PACKAGE_BUGREPORT "google-ctemplate@googlegroups.com"
| #define PACKAGE_URL ""
| #define PACKAGE "ctemplate"
| #define VERSION "2.3"
| #define STDC_HEADERS 1
| #define HAVE_SYS_TYPES_H 1
| #define HAVE_SYS_STAT_H 1
| #define HAVE_STDLIB_H 1
| #define HAVE_STRING_H 1
| #define HAVE_MEMORY_H 1
| #define HAVE_STRINGS_H 1
| #define HAVE_INTTYPES_H 1
| #define HAVE_STDINT_H 1
| #define HAVE_UNISTD_H 1
| #define HAVE_DLFCN_H 1
| #define LT_OBJDIR ".libs/"
| #define HAVE___ATTRIBUTE__ 1
| /* end confdefs.h.  */
| #include <stddef.h>
| int
| main ()
| {
| unsigned long long v1 = 0; size_t v2 = 0; return (&v1 - &v2)
|   ;
|   return 0;
| }
configure:16099: result: l
configure:16125: checking for getopt_long
configure:16125: gcc -o conftest -g -O2   conftest.c  >&5
configure:16125: $? = 0
configure:16125: result: yes
configure:16125: checking for getopt
configure:16125: gcc -o conftest -g -O2   conftest.c  >&5
configure:16125: $? = 0
configure:16125: result: yes
configure:16136: checking getopt.h usability
configure:16136: gcc -c -g -O2  conftest.c >&5
configure:16136: $? = 0
configure:16136: result: yes
configure:16136: checking getopt.h presence
configure:16136: gcc -E  conftest.c
configure:16136: $? = 0
configure:16136: result: yes
configure:16136: checking for getopt.h
configure:16136: result: yes
configure:16148: checking utime.h usability
configure:16148: gcc -c -g -O2  conftest.c >&5
configure:16148: $? = 0
configure:16148: result: yes
configure:16148: checking utime.h presence
configure:16148: gcc -E  conftest.c
configure:16148: $? = 0
configure:16148: result: yes
configure:16148: checking for utime.h
configure:16148: result: yes
configure:16162: checking for dirent.h that defines DIR
configure:16181: gcc -c -g -O2  conftest.c >&5
configure:16181: $? = 0
configure:16189: result: yes
configure:16202: checking for library containing opendir
configure:16233: gcc -o conftest -g -O2   conftest.c  >&5
configure:16233: $? = 0
configure:16250: result: none required
configure:16322: checking byteswap.h usability
configure:16322: gcc -c -g -O2  conftest.c >&5
configure:16322: $? = 0
configure:16322: result: yes
configure:16322: checking byteswap.h presence
configure:16322: gcc -E  conftest.c
configure:16322: $? = 0
configure:16322: result: yes
configure:16322: checking for byteswap.h
configure:16322: result: yes
configure:16334: checking libkern/OSByteOrder.h usability
configure:16334: gcc -c -g -O2  conftest.c >&5
conftest.c:66:10: fatal error: libkern/OSByteOrder.h: No such file or directory
   66 | #include <libkern/OSByteOrder.h>
      |          ^~~~~~~~~~~~~~~~~~~~~~~
compilation terminated.
configure:16334: $? = 1
configure: failed program was:
| /* confdefs.h */
| #define PACKAGE_NAME "ctemplate"
| #define PACKAGE_TARNAME "ctemplate"
| #define PACKAGE_VERSION "2.3"
| #define PACKAGE_STRING "ctemplate 2.3"
| #define PACKAGE_BUGREPORT "google-ctemplate@googlegroups.com"
| #define PACKAGE_URL ""
| #define PACKAGE "ctemplate"
| #define VERSION "2.3"
| #define STDC_HEADERS 1
| #define HAVE_SYS_TYPES_H 1
| #define HAVE_SYS_STAT_H 1
| #define HAVE_STDLIB_H 1
| #define HAVE_STRING_H 1
| #define HAVE_MEMORY_H 1
| #define HAVE_STRINGS_H 1
| #define HAVE_INTTYPES_H 1
| #define HAVE_STDINT_H 1
| #define HAVE_UNISTD_H 1
| #define HAVE_DLFCN_H 1
| #define LT_OBJDIR ".libs/"
| #define HAVE___ATTRIBUTE__ 1
| #define PRIuS "lu"
| #define PRIxS "lx"
| #define PRIdS "ld"
| #define HAVE_GETOPT_LONG 1
| #define HAVE_GETOPT 1
| #define HAVE_GETOPT_H 1
| #define HAVE_UTIME_H 1
| #define HAVE_DIRENT_H 1
| #define HAVE_BYTESWAP_H 1
| /* end confdefs.h.  */
| #include <stdio.h>
| #ifdef HAVE_SYS_TYPES_H
| # include <sys/types.h>
| #endif
| #ifdef HAVE_SYS_STAT_H
| # include <sys/stat.h>
| #endif
| #ifdef STDC_HEADERS
| # include <stdlib.h>
| # include <stddef.h>
| #else
| # ifdef HAVE_STDLIB_H
| #  include <stdlib.h>
| # endif
| #endif
| #ifdef HAVE_STRING_H
| # if !defined STDC_HEADERS && defined HAVE_MEMORY_H
| #  include <memory.h>
| # endif
| # include <string.h>
| #endif
| #ifdef HAVE_STRINGS_H
| # include <strings.h>
| #endif
| #ifdef HAVE_INTTYPES_H
| # include <inttypes.h>
| #endif
| #ifdef HAVE_STDINT_H
| # include <stdint.h>
| #endif
| #ifdef HAVE_UNISTD_H
| # include <unistd.h>
| #endif
| #include <libkern/OSByteOrder.h>
configure:16334: result: no
configure:16334: checking libkern/OSByteOrder.h presence
configure:16334: gcc -E  conftest.c
conftest.c:33:10: fatal error: libkern/OSByteOrder.h: No such file or directory
   33 | #include <libkern/OSByteOrder.h>
      |          ^~~~~~~~~~~~~~~~~~~~~~~
compilation terminated.
configure:16334: $? = 1
configure: failed program was:
| /* confdefs.h */
| #define PACKAGE_NAME "ctemplate"
| #define PACKAGE_TARNAME "ctemplate"
| #define PACKAGE_VERSION "2.3"
| #define PACKAGE_STRING "ctemplate 2.3"
| #define PACKAGE_BUGREPORT "google-ctemplate@googlegroups.com"
| #define PACKAGE_URL ""
| #define PACKAGE "ctemplate"
| #define VERSION "2.3"
| #define STDC_HEADERS 1
| #define HAVE_SYS_TYPES_H 1
| #define HAVE_SYS_STAT_H 1
| #define HAVE_STDLIB_H 1
| #define HAVE_STRING_H 1
| #define HAVE_MEMORY_H 1
| #define HAVE_STRINGS_H 1
| #define HAVE_INTTYPES_H 1
| #define HAVE_STDINT_H 1
| #define HAVE_UNISTD_H 1
| #define HAVE_DLFCN_H 1
| #define LT_OBJDIR ".libs/"
| #define HAVE___ATTRIBUTE__ 1
| #define PRIuS "lu"
| #define PRIxS "lx"
| #define PRIdS "ld"
| #define HAVE_GETOPT_LONG 1
| #define HAVE_GETOPT 1
| #define HAVE_GETOPT_H 1
| #define HAVE_UTIME_H 1
| #define HAVE_DIRENT_H 1
| #define HAVE_BYTESWAP_H 1
| /* end confdefs.h.  */
| #include <libkern/OSByteOrder.h>
configure:16334: result: no
configure:16334: checking for libkern/OSByteOrder.h
configure:16334: result: no
configure:16346: checking sys/byteorder.h usability
configure:16346: gcc -c -g -O2  conftest.c >&5
conftest.c:66:10: fatal error: sys/byteorder.h: No such file or directory
   66 | #include <sys/byteorder.h>
      |          ^~~~~~~~~~~~~~~~~
compilation terminated.
configure:16346: $? = 1
configure: failed program was:
| /* confdefs.h */
| #define PACKAGE_NAME "ctemplate"
| #define PACKAGE_TARNAME "ctemplate"
| #define PACKAGE_VERSION "2.3"
| #define PACKAGE_STRING "ctemplate 2.3"
| #define PACKAGE_BUGREPORT "google-ctemplate@googlegroups.com"
| #define PACKAGE_URL ""
| #define PACKAGE "ctemplate"
| #define VERSION "2.3"
| #define STDC_HEADERS 1
| #define HAVE_SYS_TYPES_H 1
| #define HAVE_SYS_STAT_H 1
| #define HAVE_STDLIB_H 1
| #define HAVE_STRING_H 1
| #define HAVE_MEMORY_H 1
| #define HAVE_STRINGS_H 1
| #define HAVE_INTTYPES_H 1
| #define HAVE_STDINT_H 1
| #define HAVE_UNISTD_H 1
| #define HAVE_DLFCN_H 1
| #define LT_OBJDIR ".libs/"
| #define HAVE___ATTRIBUTE__ 1
| #define PRIuS "lu"
| #define PRIxS "lx"
| #define PRIdS "ld"
| #define HAVE_GETOPT_LONG 1
| #define HAVE_GETOPT 1
| #define HAVE_GETOPT_H 1
| #define HAVE_UTIME_H 1
| #define HAVE_DIRENT_H 1
| #define HAVE_BYTESWAP_H 1
| /* end confdefs.h.  */
| #include <stdio.h>
| #ifdef HAVE_SYS_TYPES_H
| # include <sys/types.h>
| #endif
| #ifdef HAVE_SYS_STAT_H
| # include <sys/stat.h>
| #endif
| #ifdef STDC_HEADERS
| # include <stdlib.h>
| # include <stddef.h>
| #else
| # ifdef HAVE_STDLIB_H
| #  include <stdlib.h>
| # endif
| #endif
| #ifdef HAVE_STRING_H
| # if !defined STDC_HEADERS && defined HAVE_MEMORY_H
| #  include <memory.h>
| # endif
| # include <string.h>
| #endif
| #ifdef HAVE_STRINGS_H
| # include <strings.h>
| #endif
| #ifdef HAVE_INTTYPES_H
| # include <inttypes.h>
| #endif
| #ifdef HAVE_STDINT_H
| # include <stdint.h>
| #endif
| #ifdef HAVE_UNISTD_H
| # include <unistd.h>
| #endif
| #include <sys/byteorder.h>
configure:16346: result: no
configure:16346: checking sys/byteorder.h presence
configure:16346: gcc -E  conftest.c
conftest.c:33:10: fatal error: sys/byteorder.h: No such file or directory
   33 | #include <sys/byteorder.h>
      |          ^~~~~~~~~~~~~~~~~
compilation terminated.
configure:16346: $? = 1
configure: failed program was:
| /* confdefs.h */
| #define PACKAGE_NAME "ctemplate"
| #define PACKAGE_TARNAME "ctemplate"
| #define PACKAGE_VERSION "2.3"
| #define PACKAGE_STRING "ctemplate 2.3"
| #define PACKAGE_BUGREPORT "google-ctemplate@googlegroups.com"
| #define PACKAGE_URL ""
| #define PACKAGE "ctemplate"
| #define VERSION "2.3"
| #define STDC_HEADERS 1
| #define HAVE_SYS_TYPES_H 1
| #define HAVE_SYS_STAT_H 1
| #define HAVE_STDLIB_H 1
| #define HAVE_STRING_H 1
| #define HAVE_MEMORY_H 1
| #define HAVE_STRINGS_H 1
| #define HAVE_INTTYPES_H 1
| #define HAVE_STDINT_H 1
| #define HAVE_UNISTD_H 1
| #define HAVE_DLFCN_H 1
| #define LT_OBJDIR ".libs/"
| #define HAVE___ATTRIBUTE__ 1
| #define PRIuS "lu"
| #define PRIxS "lx"
| #define PRIdS "ld"
| #define HAVE_GETOPT_LONG 1
| #define HAVE_GETOPT 1
| #define HAVE_GETOPT_H 1
| #define HAVE_UTIME_H 1
| #define HAVE_DIRENT_H 1
| #define HAVE_BYTESWAP_H 1
| /* end confdefs.h.  */
| #include <sys/byteorder.h>
configure:16346: result: no
configure:16346: checking for sys/byteorder.h
configure:16346: result: no
configure:16358: checking endian.h usability
configure:16358: gcc -c -g -O2  conftest.c >&5
configure:16358: $? = 0
configure:16358: result: yes
configure:16358: checking endian.h presence
configure:16358: gcc -E  conftest.c
configure:16358: $? = 0
configure:16358: result: yes
configure:16358: checking for endian.h
configure:16358: result: yes
configure:16370: checking machine/endian.h usability
configure:16370: gcc -c -g -O2  conftest.c >&5
conftest.c:67:10: fatal error: machine/endian.h: No such file or directory
   67 | #include <machine/endian.h>
      |          ^~~~~~~~~~~~~~~~~~
compilation terminated.
configure:16370: $? = 1
configure: failed program was:
| /* confdefs.h */
| #define PACKAGE_NAME "ctemplate"
| #define PACKAGE_TARNAME "ctemplate"
| #define PACKAGE_VERSION "2.3"
| #define PACKAGE_STRING "ctemplate 2.3"
| #define PACKAGE_BUGREPORT "google-ctemplate@googlegroups.com"
| #define PACKAGE_URL ""
| #define PACKAGE "ctemplate"
| #define VERSION "2.3"
| #define STDC_HEADERS 1
| #define HAVE_SYS_TYPES_H 1
| #define HAVE_SYS_STAT_H 1
| #define HAVE_STDLIB_H 1
| #define HAVE_STRING_H 1
| #define HAVE_MEMORY_H 1
| #define HAVE_STRINGS_H 1
| #define HAVE_INTTYPES_H 1
| #define HAVE_STDINT_H 1
| #define HAVE_UNISTD_H 1
| #define HAVE_DLFCN_H 1
| #define LT_OBJDIR ".libs/"
| #define HAVE___ATTRIBUTE__ 1
| #define PRIuS "lu"
| #define PRIxS "lx"
| #define PRIdS "ld"
| #define HAVE_GETOPT_LONG 1
| #define HAVE_GETOPT 1
| #define HAVE_GETOPT_H 1
| #define HAVE_UTIME_H 1
| #define HAVE_DIRENT_H 1
| #define HAVE_BYTESWAP_H 1
| #define HAVE_ENDIAN_H 1
| /* end confdefs.h.  */
| #include <stdio.h>
| #ifdef HAVE_SYS_TYPES_H
| # include <sys/types.h>
| #endif
| #ifdef HAVE_SYS_STAT_H
| # include <sys/stat.h>
| #endif
| #ifdef STDC_HEADERS
| # include <stdlib.h>
| # include <stddef.h>
| #else
| # ifdef HAVE_STDLIB_H
| #  include <stdlib.h>
| # endif
| #endif
| #ifdef HAVE_STRING_H
| # if !defined STDC_HEADERS && defined HAVE_MEMORY_H
| #  include <memory.h>
| # endif
| # include <string.h>
| #endif
| #ifdef HAVE_STRINGS_H
| # include <strings.h>
| #endif
| #ifdef HAVE_INTTYPES_H
| # include <inttypes.h>
| #endif
| #ifdef HAVE_STDINT_H
| # include <stdint.h>
| #endif
| #ifdef HAVE_UNISTD_H
| # include <unistd.h>
| #endif
| #include <machine/endian.h>
configure:16370: result: no
configure:16370: checking machine/endian.h presence
configure:16370: gcc -E  conftest.c
conftest.c:34:10: fatal error: machine/endian.h: No such file or directory
   34 | #include <machine/endian.h>
      |          ^~~~~~~~~~~~~~~~~~
compilation terminated.
configure:16370: $? = 1
configure: failed program was:
| /* confdefs.h */
| #define PACKAGE_NAME "ctemplate"
| #define PACKAGE_TARNAME "ctemplate"
| #define PACKAGE_VERSION "2.3"
| #define PACKAGE_STRING "ctemplate 2.3"
| #define PACKAGE_BUGREPORT "google-ctemplate@googlegroups.com"
| #define PACKAGE_URL ""
| #define PACKAGE "ctemplate"
| #define VERSION "2.3"
| #define STDC_HEADERS 1
| #define HAVE_SYS_TYPES_H 1
| #define HAVE_SYS_STAT_H 1
| #define HAVE_STDLIB_H 1
| #define HAVE_STRING_H 1
| #define HAVE_MEMORY_H 1
| #define HAVE_STRINGS_H 1
| #define HAVE_INTTYPES_H 1
| #define HAVE_STDINT_H 1
| #define HAVE_UNISTD_H 1
| #define HAVE_DLFCN_H 1
| #define LT_OBJDIR ".libs/"
| #define HAVE___ATTRIBUTE__ 1
| #define PRIuS "lu"
| #define PRIxS "lx"
| #define PRIdS "ld"
| #define HAVE_GETOPT_LONG 1
| #define HAVE_GETOPT 1
| #define HAVE_GETOPT_H 1
| #define HAVE_UTIME_H 1
| #define HAVE_DIRENT_H 1
| #define HAVE_BYTESWAP_H 1
| #define HAVE_ENDIAN_H 1
| /* end confdefs.h.  */
| #include <machine/endian.h>
configure:16370: result: no
configure:16370: checking for machine/endian.h
configure:16370: result: no
configure:16382: checking sys/endian.h usability
configure:16382: gcc -c -g -O2  conftest.c >&5
conftest.c:67:10: fatal error: sys/endian.h: No such file or directory
   67 | #include <sys/endian.h>
      |          ^~~~~~~~~~~~~~
compilation terminated.
configure:16382: $? = 1
configure: failed program was:
| /* confdefs.h */
| #define PACKAGE_NAME "ctemplate"
| #define PACKAGE_TARNAME "ctemplate"
| #define PACKAGE_VERSION "2.3"
| #define PACKAGE_STRING "ctemplate 2.3"
| #define PACKAGE_BUGREPORT "google-ctemplate@googlegroups.com"
| #define PACKAGE_URL ""
| #define PACKAGE "ctemplate"
| #define VERSION "2.3"
| #define STDC_HEADERS 1
| #define HAVE_SYS_TYPES_H 1
| #define HAVE_SYS_STAT_H 1
| #define HAVE_STDLIB_H 1
| #define HAVE_STRING_H 1
| #define HAVE_MEMORY_H 1
| #define HAVE_STRINGS_H 1
| #define HAVE_INTTYPES_H 1
| #define HAVE_STDINT_H 1
| #define HAVE_UNISTD_H 1
| #define HAVE_DLFCN_H 1
| #define LT_OBJDIR ".libs/"
| #define HAVE___ATTRIBUTE__ 1
| #define PRIuS "lu"
| #define PRIxS "lx"
| #define PRIdS "ld"
| #define HAVE_GETOPT_LONG 1
| #define HAVE_GETOPT 1
| #define HAVE_GETOPT_H 1
| #define HAVE_UTIME_H 1
| #define HAVE_DIRENT_H 1
| #define HAVE_BYTESWAP_H 1
| #define HAVE_ENDIAN_H 1
| /* end confdefs.h.  */
| #include <stdio.h>
| #ifdef HAVE_SYS_TYPES_H
| # include <sys/types.h>
| #endif
| #ifdef HAVE_SYS_STAT_H
| # include <sys/stat.h>
| #endif
| #ifdef STDC_HEADERS
| # include <stdlib.h>
| # include <stddef.h>
| #else
| # ifdef HAVE_STDLIB_H
| #  include <stdlib.h>
| # endif
| #endif
| #ifdef HAVE_STRING_H
| # if !defined STDC_HEADERS && defined HAVE_MEMORY_H
| #  include <memory.h>
| # endif
| # include <string.h>
| #endif
| #ifdef HAVE_STRINGS_H
| # include <strings.h>
| #endif
| #ifdef HAVE_INTTYPES_H
| # include <inttypes.h>
| #endif
| #ifdef HAVE_STDINT_H
| # include <stdint.h>
| #endif
| #ifdef HAVE_UNISTD_H
| # include <unistd.h>
| #endif
| #include <sys/endian.h>
configure:16382: result: no
configure:16382: checking sys/endian.h presence
configure:16382: gcc -E  conftest.c
conftest.c:34:10: fatal error: sys/endian.h: No such file or directory
   34 | #include <sys/endian.h>
      |          ^~~~~~~~~~~~~~
compilation terminated.
configure:16382: $? = 1
configure: failed program was:
| /* confdefs.h */
| #define PACKAGE_NAME "ctemplate"
| #define PACKAGE_TARNAME "ctemplate"
| #define PACKAGE_VERSION "2.3"
| #define PACKAGE_STRING "ctemplate 2.3"
| #define PACKAGE_BUGREPORT "google-ctemplate@googlegroups.com"
| #define PACKAGE_URL ""
| #define PACKAGE "ctemplate"
| #define VERSION "2.3"
| #define STDC_HEADERS 1
| #define HAVE_SYS_TYPES_H 1
| #define HAVE_SYS_STAT_H 1
| #define HAVE_STDLIB_H 1
| #define HAVE_STRING_H 1
| #define HAVE_MEMORY_H 1
| #define HAVE_STRINGS_H 1
| #define HAVE_INTTYPES_H 1
| #define HAVE_STDINT_H 1
| #define HAVE_UNISTD_H 1
| #define HAVE_DLFCN_H 1
| #define LT_OBJDIR ".libs/"
| #define HAVE___ATTRIBUTE__ 1
| #define PRIuS "lu"
| #define PRIxS "lx"
| #define PRIdS "ld"
| #define HAVE_GETOPT_LONG 1
| #define HAVE_GETOPT 1
| #define HAVE_GETOPT_H 1
| #define HAVE_UTIME_H 1
| #define HAVE_DIRENT_H 1
| #define HAVE_BYTESWAP_H 1
| #define HAVE_ENDIAN_H 1
| /* end confdefs.h.  */
| #include <sys/endian.h>
configure:16382: result: no
configure:16382: checking for sys/endian.h
configure:16382: result: no
configure:16394: checking sys/isa_defs.h usability
configure:16394: gcc -c -g -O2  conftest.c >&5
conftest.c:67:10: fatal error: sys/isa_defs.h: No such file or directory
   67 | #include <sys/isa_defs.h>
      |          ^~~~~~~~~~~~~~~~
compilation terminated.
configure:16394: $? = 1
configure: failed program was:
| /* confdefs.h */
| #define PACKAGE_NAME "ctemplate"
| #define PACKAGE_TARNAME "ctemplate"
| #define PACKAGE_VERSION "2.3"
| #define PACKAGE_STRING "ctemplate 2.3"
| #define PACKAGE_BUGREPORT "google-ctemplate@googlegroups.com"
| #define PACKAGE_URL ""
| #define PACKAGE "ctemplate"
| #define VERSION "2.3"
| #define STDC_HEADERS 1
| #define HAVE_SYS_TYPES_H 1
| #define HAVE_SYS_STAT_H 1
| #define HAVE_STDLIB_H 1
| #define HAVE_STRING_H 1
| #define HAVE_MEMORY_H 1
| #define HAVE_STRINGS_H 1
| #define HAVE_INTTYPES_H 1
| #define HAVE_STDINT_H 1
| #define HAVE_UNISTD_H 1
| #define HAVE_DLFCN_H 1
| #define LT_OBJDIR ".libs/"
| #define HAVE___ATTRIBUTE__ 1
| #define PRIuS "lu"
| #define PRIxS "lx"
| #define PRIdS "ld"
| #define HAVE_GETOPT_LONG 1
| #define HAVE_GETOPT 1
| #define HAVE_GETOPT_H 1
| #define HAVE_UTIME_H 1
| #define HAVE_DIRENT_H 1
| #define HAVE_BYTESWAP_H 1
| #define HAVE_ENDIAN_H 1
| /* end confdefs.h.  */
| #include <stdio.h>
| #ifdef HAVE_SYS_TYPES_H
| # include <sys/types.h>
| #endif
| #ifdef HAVE_SYS_STAT_H
| # include <sys/stat.h>
| #endif
| #ifdef STDC_HEADERS
| # include <stdlib.h>
| # include <stddef.h>
| #else
| # ifdef HAVE_STDLIB_H
| #  include <stdlib.h>
| # endif
| #endif
| #ifdef HAVE_STRING_H
| # if !defined STDC_HEADERS && defined HAVE_MEMORY_H
| #  include <memory.h>
| # endif
| # include <string.h>
| #endif
| #ifdef HAVE_STRINGS_H
| # include <strings.h>
| #endif
| #ifdef HAVE_INTTYPES_H
| # include <inttypes.h>
| #endif
| #ifdef HAVE_STDINT_H
| # include <stdint.h>
| #endif
| #ifdef HAVE_UNISTD_H
| # include <unistd.h>
| #endif
| #include <sys/isa_defs.h>
configure:16394: result: no
configure:16394: checking sys/isa_defs.h presence
configure:16394: gcc -E  conftest.c
conftest.c:34:10: fatal error: sys/isa_defs.h: No such file or directory
   34 | #include <sys/isa_defs.h>
      |          ^~~~~~~~~~~~~~~~
compilation terminated.
configure:16394: $? = 1
configure: failed program was:
| /* confdefs.h */
| #define PACKAGE_NAME "ctemplate"
| #define PACKAGE_TARNAME "ctemplate"
| #define PACKAGE_VERSION "2.3"
| #define PACKAGE_STRING "ctemplate 2.3"
| #define PACKAGE_BUGREPORT "google-ctemplate@googlegroups.com"
| #define PACKAGE_URL ""
| #define PACKAGE "ctemplate"
| #define VERSION "2.3"
| #define STDC_HEADERS 1
| #define HAVE_SYS_TYPES_H 1
| #define HAVE_SYS_STAT_H 1
| #define HAVE_STDLIB_H 1
| #define HAVE_STRING_H 1
| #define HAVE_MEMORY_H 1
| #define HAVE_STRINGS_H 1
| #define HAVE_INTTYPES_H 1
| #define HAVE_STDINT_H 1
| #define HAVE_UNISTD_H 1
| #define HAVE_DLFCN_H 1
| #define LT_OBJDIR ".libs/"
| #define HAVE___ATTRIBUTE__ 1
| #define PRIuS "lu"
| #define PRIxS "lx"
| #define PRIdS "ld"
| #define HAVE_GETOPT_LONG 1
| #define HAVE_GETOPT 1
| #define HAVE_GETOPT_H 1
| #define HAVE_UTIME_H 1
| #define HAVE_DIRENT_H 1
| #define HAVE_BYTESWAP_H 1
| #define HAVE_ENDIAN_H 1
| /* end confdefs.h.  */
| #include <sys/isa_defs.h>
configure:16394: result: no
configure:16394: checking for sys/isa_defs.h
configure:16394: result: no
configure:16589: checking whether gcc is Clang
configure:16614: result: no
configure:16737: checking whether pthreads work with -pthread
configure:16831: gcc -o conftest -g -O2 -pthread   conftest.c   >&5
configure:16831: $? = 0
configure:16840: result: yes
configure:16859: checking for joinable pthread attribute
configure:16877: gcc -o conftest -g -O2 -pthread   conftest.c   >&5
configure:16877: $? = 0
configure:16885: result: PTHREAD_CREATE_JOINABLE
configure:16899: checking whether more special flags are required for pthreads
configure:16912: result: no
configure:16920: checking for PTHREAD_PRIO_INHERIT
configure:16936: gcc -o conftest -g -O2 -pthread   conftest.c   >&5
configure:16936: $? = 0
configure:16945: result: yes
configure:17051: checking support for pthread_rwlock_* functions
configure:17080: gcc -c -g -O2  conftest.c >&5
configure:17080: $? = 0
configure:17094: result: yes
configure:17107: checking whether first argument to InterlockedExchange omits volatile
configure:17130: g++ -c -g -O2  conftest.cpp >&5
conftest.cpp:37:10: fatal error: windows.h: No such file or directory
   37 | #include <windows.h>
      |          ^~~~~~~~~~~
compilation terminated.
configure:17130: $? = 1
configure: failed program was:
| /* confdefs.h */
| #define PACKAGE_NAME "ctemplate"
| #define PACKAGE_TARNAME "ctemplate"
| #define PACKAGE_VERSION "2.3"
| #define PACKAGE_STRING "ctemplate 2.3"
| #define PACKAGE_BUGREPORT "google-ctemplate@googlegroups.com"
| #define PACKAGE_URL ""
| #define PACKAGE "ctemplate"
| #define VERSION "2.3"
| #define STDC_HEADERS 1
| #define HAVE_SYS_TYPES_H 1
| #define HAVE_SYS_STAT_H 1
| #define HAVE_STDLIB_H 1
| #define HAVE_STRING_H 1
| #define HAVE_MEMORY_H 1
| #define HAVE_STRINGS_H 1
| #define HAVE_INTTYPES_H 1
| #define HAVE_STDINT_H 1
| #define HAVE_UNISTD_H 1
| #define HAVE_DLFCN_H 1
| #define LT_OBJDIR ".libs/"
| #define HAVE___ATTRIBUTE__ 1
| #define PRIuS "lu"
| #define PRIxS "lx"
| #define PRIdS "ld"
| #define HAVE_GETOPT_LONG 1
| #define HAVE_GETOPT 1
| #define HAVE_GETOPT_H 1
| #define HAVE_UTIME_H 1
| #define HAVE_DIRENT_H 1
| #define HAVE_BYTESWAP_H 1
| #define HAVE_ENDIAN_H 1
| #define HAVE_PTHREAD_PRIO_INHERIT 1
| #define HAVE_PTHREAD 1
| #define HAVE_RWLOCK 1
| /* end confdefs.h.  */
| #include <windows.h>
| int
| main ()
| {
| volatile LONG once; InterlockedExchange(&once,  1);
|   ;
|   return 0;
| }
configure:17150: result: yes
configure:17156: checking the location of hash_map
configure:17182: g++ -c -g -O2  conftest.cpp >&5
configure:17182: $? = 0
configure:17204: g++ -c -g -O2  conftest.cpp >&5
configure:17204: $? = 0
configure:17265: result: <unordered_map>
configure:17311: g++ -o conftest -g -O2   conftest.cpp  >&5
configure:17311: $? = 0
configure:17436: checking that generated files are newer than configure
configure:17442: result: done
configure:17477: creating ./config.status

## ---------------------- ##
## Running config.status. ##
## ---------------------- ##

This file was extended by ctemplate config.status 2.3, which was
generated by GNU Autoconf 2.69.  Invocation command line was

  CONFIG_FILES    = 
  CONFIG_HEADERS  = 
  CONFIG_LINKS    = 
  CONFIG_COMMANDS = 
  $ ./config.status 

on iZbp1bc61f5ensshm2owkuZ

config.status:1199: creating Makefile
config.status:1199: creating src/ctemplate/template_string.h
config.status:1199: creating src/ctemplate/template_enums.h
config.status:1199: creating src/ctemplate/template.h
config.status:1199: creating src/ctemplate/template_cache.h
config.status:1199: creating src/ctemplate/template_modifiers.h
config.status:1199: creating src/ctemplate/template_emitter.h
config.status:1199: creating src/ctemplate/template_annotator.h
config.status:1199: creating src/ctemplate/template_dictionary.h
config.status:1199: creating src/ctemplate/template_pathops.h
config.status:1199: creating src/ctemplate/template_namelist.h
config.status:1199: creating src/ctemplate/find_ptr.h
config.status:1199: creating src/ctemplate/per_expand_data.h
config.status:1199: creating src/ctemplate/str_ref.h
config.status:1199: creating src/ctemplate/template_dictionary_interface.h
config.status:1199: creating src/config.h
config.status:1428: executing depfiles commands
config.status:1505: cd .       && sed -e '/# am--include-marker/d' Makefile         | make -f - am--depfiles
config.status:1510: $? = 0
config.status:1428: executing libtool commands

## ---------------- ##
## Cache variables. ##
## ---------------- ##

ac_cv___attribute__=yes
ac_cv_build=x86_64-pc-linux-gnu
ac_cv_c_compiler_gnu=yes
ac_cv_cxx_compiler_gnu=yes
ac_cv_cxx_hash_map='<unordered_map>'
ac_cv_cxx_hash_namespace=std
ac_cv_cxx_hash_set='<unordered_set>'
ac_cv_cxx_have_unordered_map=yes
ac_cv_env_CCC_set=
ac_cv_env_CCC_value=
ac_cv_env_CC_set=
ac_cv_env_CC_value=
ac_cv_env_CFLAGS_set=
ac_cv_env_CFLAGS_value=
ac_cv_env_CPPFLAGS_set=
ac_cv_env_CPPFLAGS_value=
ac_cv_env_CPP_set=
ac_cv_env_CPP_value=
ac_cv_env_CXXCPP_set=
ac_cv_env_CXXCPP_value=
ac_cv_env_CXXFLAGS_set=
ac_cv_env_CXXFLAGS_value=
ac_cv_env_CXX_set=
ac_cv_env_CXX_value=
ac_cv_env_LDFLAGS_set=
ac_cv_env_LDFLAGS_value=
ac_cv_env_LIBS_set=
ac_cv_env_LIBS_value=
ac_cv_env_LT_SYS_LIBRARY_PATH_set=
ac_cv_env_LT_SYS_LIBRARY_PATH_value=
ac_cv_env_build_alias_set=
ac_cv_env_build_alias_value=
ac_cv_env_host_alias_set=
ac_cv_env_host_alias_value=
ac_cv_env_target_alias_set=
ac_cv_env_target_alias_value=
ac_cv_formatting_prius_prefix=l
ac_cv_func_getopt=yes
ac_cv_func_getopt_long=yes
ac_cv_header_byteswap_h=yes
ac_cv_header_dirent_dirent_h=yes
ac_cv_header_dlfcn_h=yes
ac_cv_header_endian_h=yes
ac_cv_header_getopt_h=yes
ac_cv_header_inttypes_h=yes
ac_cv_header_libkern_OSByteOrder_h=no
ac_cv_header_machine_endian_h=no
ac_cv_header_memory_h=yes
ac_cv_header_stdc=yes
ac_cv_header_stdint_h=yes
ac_cv_header_stdlib_h=yes
ac_cv_header_string_h=yes
ac_cv_header_strings_h=yes
ac_cv_header_sys_byteorder_h=no
ac_cv_header_sys_endian_h=no
ac_cv_header_sys_isa_defs_h=no
ac_cv_header_sys_stat_h=yes
ac_cv_header_sys_types_h=yes
ac_cv_header_unistd_h=yes
ac_cv_header_utime_h=yes
ac_cv_host=x86_64-pc-linux-gnu
ac_cv_interlocked_exchange_nonvolatile=yes
ac_cv_objext=o
ac_cv_path_EGREP='/usr/bin/grep -E'
ac_cv_path_FGREP='/usr/bin/grep -F'
ac_cv_path_GREP=/usr/bin/grep
ac_cv_path_SED=/usr/bin/sed
ac_cv_path_install='/usr/bin/install -c'
ac_cv_path_lt_DD=/usr/bin/dd
ac_cv_path_mkdir=/usr/bin/mkdir
ac_cv_prius_defined=1
ac_cv_prog_AWK=gawk
ac_cv_prog_CPP='gcc -E'
ac_cv_prog_CXXCPP='g++ -E'
ac_cv_prog_ac_ct_AR=ar
ac_cv_prog_ac_ct_CC=gcc
ac_cv_prog_ac_ct_CXX=g++
ac_cv_prog_ac_ct_OBJDUMP=objdump
ac_cv_prog_ac_ct_RANLIB=ranlib
ac_cv_prog_ac_ct_STRIP=strip
ac_cv_prog_cc_c89=
ac_cv_prog_cc_g=yes
ac_cv_prog_cxx_g=yes
ac_cv_prog_make_make_set=yes
ac_cv_rwlock=yes
ac_cv_search_opendir='none required'
am_cv_CC_dependencies_compiler_type=gcc3
am_cv_CXX_dependencies_compiler_type=gcc3
am_cv_ar_interface=ar
am_cv_make_support_nested_variables=yes
am_cv_prog_cc_c_o=yes
ax_cv_PTHREAD_CLANG=no
ax_cv_PTHREAD_JOINABLE_ATTR=PTHREAD_CREATE_JOINABLE
ax_cv_PTHREAD_PRIO_INHERIT=yes
ax_cv_PTHREAD_SPECIAL_FLAGS=no
lt_cv_ar_at_file=@
lt_cv_archive_cmds_need_lc=no
lt_cv_deplibs_check_method=pass_all
lt_cv_file_magic_cmd='$MAGIC_CMD'
lt_cv_file_magic_test_file=
lt_cv_ld_reload_flag=-r
lt_cv_nm_interface='BSD nm'
lt_cv_objdir=.libs
lt_cv_path_LD=/usr/bin/ld
lt_cv_path_LDCXX='/usr/bin/ld -m elf_x86_64'
lt_cv_path_NM='/usr/bin/nm -B'
lt_cv_path_mainfest_tool=no
lt_cv_prog_compiler_c_o=yes
lt_cv_prog_compiler_c_o_CXX=yes
lt_cv_prog_compiler_pic='-fPIC -DPIC'
lt_cv_prog_compiler_pic_CXX='-fPIC -DPIC'
lt_cv_prog_compiler_pic_works=yes
lt_cv_prog_compiler_pic_works_CXX=yes
lt_cv_prog_compiler_rtti_exceptions=no
lt_cv_prog_compiler_static_works=no
lt_cv_prog_compiler_static_works_CXX=no
lt_cv_prog_gnu_ld=yes
lt_cv_prog_gnu_ldcxx=yes
lt_cv_sharedlib_from_linklib_cmd='printf %s\n'
lt_cv_shlibpath_overrides_runpath=no
lt_cv_sys_global_symbol_pipe='sed -n -e '\''s/^.*[	 ]\([ABCDGIRSTW][ABCDGIRSTW]*\)[	 ][	 ]*\([_A-Za-z][_A-Za-z0-9]*\)$/\1 \2 \2/p'\'' | sed '\''/ __gnu_lto/d'\'''
lt_cv_sys_global_symbol_to_c_name_address='sed -n -e '\''s/^: \(.*\) .*$/  {"\1", (void *) 0},/p'\'' -e '\''s/^[ABCDGIRSTW][ABCDGIRSTW]* .* \(.*\)$/  {"\1", (void *) \&\1},/p'\'''
lt_cv_sys_global_symbol_to_c_name_address_lib_prefix='sed -n -e '\''s/^: \(.*\) .*$/  {"\1", (void *) 0},/p'\'' -e '\''s/^[ABCDGIRSTW][ABCDGIRSTW]* .* \(lib.*\)$/  {"\1", (void *) \&\1},/p'\'' -e '\''s/^[ABCDGIRSTW][ABCDGIRSTW]* .* \(.*\)$/  {"lib\1", (void *) \&\1},/p'\'''
lt_cv_sys_global_symbol_to_cdecl='sed -n -e '\''s/^T .* \(.*\)$/extern int \1();/p'\'' -e '\''s/^[ABCDGIRSTW][ABCDGIRSTW]* .* \(.*\)$/extern char \1;/p'\'''
lt_cv_sys_global_symbol_to_import=
lt_cv_sys_max_cmd_len=1572864
lt_cv_to_host_file_cmd=func_convert_file_noop
lt_cv_to_tool_file_cmd=func_convert_file_noop
lt_cv_truncate_bin='/usr/bin/dd bs=4096 count=1'

## ----------------- ##
## Output variables. ##
## ----------------- ##

ACLOCAL='${SHELL} /home/xyt/ONLINEJUDGE/third_part/ctemplate/ctemplate-ctemplate-2.4/missing aclocal-1.16'
AMDEPBACKSLASH='\'
AMDEP_FALSE='#'
AMDEP_TRUE=''
AMTAR='$${TAR-tar}'
AM_BACKSLASH='\'
AM_DEFAULT_V='$(AM_DEFAULT_VERBOSITY)'
AM_DEFAULT_VERBOSITY='0'
AM_V='$(V)'
AR='ar'
AUTOCONF='${SHELL} /home/xyt/ONLINEJUDGE/third_part/ctemplate/ctemplate-ctemplate-2.4/missing autoconf'
AUTOHEADER='${SHELL} /home/xyt/ONLINEJUDGE/third_part/ctemplate/ctemplate-ctemplate-2.4/missing autoheader'
AUTOMAKE='${SHELL} /home/xyt/ONLINEJUDGE/third_part/ctemplate/ctemplate-ctemplate-2.4/missing automake-1.16'
AWK='gawk'
CC='gcc'
CCDEPMODE='depmode=gcc3'
CFLAGS='-g -O2'
CPP='gcc -E'
CPPFLAGS=''
CXX='g++'
CXXCPP='g++ -E'
CXXDEPMODE='depmode=gcc3'
CXXFLAGS='-g -O2'
CYGPATH_W='echo'
DEFS='-DHAVE_CONFIG_H'
DEPDIR='.deps'
DLLTOOL='false'
DSYMUTIL=''
DUMPBIN=''
ECHO_C=''
ECHO_N='-n'
ECHO_T=''
EGREP='/usr/bin/grep -E'
EXEEXT=''
FGREP='/usr/bin/grep -F'
GCC_FALSE='#'
GCC_TRUE=''
GREP='/usr/bin/grep'
INSTALL_DATA='${INSTALL} -m 644'
INSTALL_PROGRAM='${INSTALL}'
INSTALL_SCRIPT='${INSTALL}'
INSTALL_STRIP_PROGRAM='$(install_sh) -c -s'
LD='/usr/bin/ld -m elf_x86_64'
LDFLAGS=''
LIBOBJS=''
LIBS=''
LIBTOOL='$(SHELL) $(top_builddir)/libtool'
LIBTOOL_DEPS='./ltmain.sh'
LIPO=''
LN_S='ln -s'
LTLIBOBJS=''
LT_SYS_LIBRARY_PATH=''
MAKEINFO='${SHELL} /home/xyt/ONLINEJUDGE/third_part/ctemplate/ctemplate-ctemplate-2.4/missing makeinfo'
MANIFEST_TOOL=':'
MINGW_FALSE=''
MINGW_TRUE='#'
MKDIR_P='/usr/bin/mkdir -p'
NM='/usr/bin/nm -B'
NMEDIT=''
OBJDUMP='objdump'
OBJEXT='o'
OTOOL64=''
OTOOL=''
PACKAGE='ctemplate'
PACKAGE_BUGREPORT='google-ctemplate@googlegroups.com'
PACKAGE_NAME='ctemplate'
PACKAGE_STRING='ctemplate 2.3'
PACKAGE_TARNAME='ctemplate'
PACKAGE_URL=''
PACKAGE_VERSION='2.3'
PATH_SEPARATOR=':'
PTHREAD_CC='gcc'
PTHREAD_CFLAGS='-pthread'
PTHREAD_LIBS=''
RANLIB='ranlib'
SED='/usr/bin/sed'
SET_MAKE=''
SHELL='/bin/sh'
SO_VERSION='3:0:0'
STRIP='strip'
VERSION='2.3'
ac_ct_AR='ar'
ac_ct_CC='gcc'
ac_ct_CXX='g++'
ac_ct_DUMPBIN=''
ac_cv_cxx_hash_map='<unordered_map>'
ac_cv_cxx_hash_namespace='std'
ac_cv_cxx_hash_set='<unordered_set>'
ac_google_attribute='1'
ac_have_attribute_weak='1'
ac_windows_dllexport=''
ac_windows_dllexport_defines=''
am__EXEEXT_FALSE=''
am__EXEEXT_TRUE='#'
am__fastdepCC_FALSE='#'
am__fastdepCC_TRUE=''
am__fastdepCXX_FALSE='#'
am__fastdepCXX_TRUE=''
am__include='include'
am__isrc=''
am__leading_dot='.'
am__nodep='_no'
am__quote=''
am__tar='$${TAR-tar} chof - "$$tardir"'
am__untar='$${TAR-tar} xf -'
ax_pthread_config=''
bindir='${exec_prefix}/bin'
build='x86_64-pc-linux-gnu'
build_alias=''
build_cpu='x86_64'
build_os='linux-gnu'
build_vendor='pc'
datadir='${datarootdir}'
datarootdir='${prefix}/share'
docdir='${datarootdir}/doc/${PACKAGE_TARNAME}'
dvidir='${docdir}'
exec_prefix='${prefix}'
host='x86_64-pc-linux-gnu'
host_alias=''
host_cpu='x86_64'
host_os='linux-gnu'
host_vendor='pc'
htmldir='${docdir}'
includedir='${prefix}/include'
infodir='${datarootdir}/info'
install_sh='${SHELL} /home/xyt/ONLINEJUDGE/third_part/ctemplate/ctemplate-ctemplate-2.4/install-sh'
libdir='${exec_prefix}/lib'
libexecdir='${exec_prefix}/libexec'
localedir='${datarootdir}/locale'
localstatedir='${prefix}/var'
mandir='${datarootdir}/man'
mkdir_p='$(MKDIR_P)'
oldincludedir='/usr/include'
pdfdir='${docdir}'
prefix='/usr/local'
program_transform_name='s,x,x,'
psdir='${docdir}'
runstatedir='${localstatedir}/run'
sbindir='${exec_prefix}/sbin'
sharedstatedir='${prefix}/com'
sysconfdir='${prefix}/etc'
target_alias=''

## ----------- ##
## confdefs.h. ##
## ----------- ##

/* confdefs.h */
#define PACKAGE_NAME "ctemplate"
#define PACKAGE_TARNAME "ctemplate"
#define PACKAGE_VERSION "2.3"
#define PACKAGE_STRING "ctemplate 2.3"
#define PACKAGE_BUGREPORT "google-ctemplate@googlegroups.com"
#define PACKAGE_URL ""
#define PACKAGE "ctemplate"
#define VERSION "2.3"
#define STDC_HEADERS 1
#define HAVE_SYS_TYPES_H 1
#define HAVE_SYS_STAT_H 1
#define HAVE_STDLIB_H 1
#define HAVE_STRING_H 1
#define HAVE_MEMORY_H 1
#define HAVE_STRINGS_H 1
#define HAVE_INTTYPES_H 1
#define HAVE_STDINT_H 1
#define HAVE_UNISTD_H 1
#define HAVE_DLFCN_H 1
#define LT_OBJDIR ".libs/"
#define HAVE___ATTRIBUTE__ 1
#define PRIuS "lu"
#define PRIxS "lx"
#define PRIdS "ld"
#define HAVE_GETOPT_LONG 1
#define HAVE_GETOPT 1
#define HAVE_GETOPT_H 1
#define HAVE_UTIME_H 1
#define HAVE_DIRENT_H 1
#define HAVE_BYTESWAP_H 1
#define HAVE_ENDIAN_H 1
#define HAVE_PTHREAD_PRIO_INHERIT 1
#define HAVE_PTHREAD 1
#define HAVE_RWLOCK 1
#define INTERLOCKED_EXCHANGE_NONVOLATILE 1
#define HAVE_HASH_MAP 1
#define HAVE_HASH_SET 1
#define HASH_MAP_H <unordered_map>
#define HASH_SET_H <unordered_set>
#define HASH_NAMESPACE std
#define HAVE_UNORDERED_MAP 1

configure: exit 0
